<?xml version="1.0" encoding="UTF-8"?>
<coverage generated="1714130484120" clover="3.2.0">
  <project timestamp="1714130484120" name="All files">
    <metrics statements="295" coveredstatements="295" conditionals="136" coveredconditionals="131" methods="45" coveredmethods="45" elements="476" coveredelements="471" complexity="0" loc="295" ncloc="295" packages="4" files="7" classes="7"/>
    <package name="constants">
      <metrics statements="1" coveredstatements="1" conditionals="0" coveredconditionals="0" methods="0" coveredmethods="0"/>
      <file name="classifiedNumberSystem.js" path="/home/nslon.goodmaysys.com/sreerag/Documents/Projects/Engine/LottoEngine/src/constants/classifiedNumberSystem.js">
        <metrics statements="1" coveredstatements="1" conditionals="0" coveredconditionals="0" methods="0" coveredmethods="0"/>
        <line num="1" count="8" type="stmt"/>
      </file>
    </package>
    <package name="database.config">
      <metrics statements="2" coveredstatements="2" conditionals="0" coveredconditionals="0" methods="0" coveredmethods="0"/>
      <file name="setting.js" path="/home/nslon.goodmaysys.com/sreerag/Documents/Projects/Engine/LottoEngine/src/database/config/setting.js">
        <metrics statements="2" coveredstatements="2" conditionals="0" coveredconditionals="0" methods="0" coveredmethods="0"/>
        <line num="1" count="8" type="stmt"/>
        <line num="3" count="8" type="stmt"/>
      </file>
    </package>
    <package name="database.models">
      <metrics statements="33" coveredstatements="33" conditionals="7" coveredconditionals="5" methods="9" coveredmethods="9"/>
      <file name="index.js" path="/home/nslon.goodmaysys.com/sreerag/Documents/Projects/Engine/LottoEngine/src/database/models/index.js">
        <metrics statements="19" coveredstatements="19" conditionals="7" coveredconditionals="5" methods="3" coveredmethods="3"/>
        <line num="1" count="8" type="stmt"/>
        <line num="2" count="8" type="stmt"/>
        <line num="3" count="8" type="stmt"/>
        <line num="4" count="8" type="stmt"/>
        <line num="5" count="8" type="stmt"/>
        <line num="6" count="8" type="stmt"/>
        <line num="7" count="8" type="stmt"/>
        <line num="10" count="8" type="cond" truecount="1" falsecount="1"/>
        <line num="11" count="8" type="stmt"/>
        <line num="14" count="8" type="stmt"/>
        <line num="16" count="32" type="stmt"/>
        <line num="21" count="24" type="stmt"/>
        <line num="25" count="24" type="stmt"/>
        <line num="28" count="8" type="stmt"/>
        <line num="29" count="24" type="cond" truecount="1" falsecount="1"/>
        <line num="30" count="24" type="stmt"/>
        <line num="34" count="8" type="stmt"/>
        <line num="35" count="8" type="stmt"/>
        <line num="47" count="8" type="stmt"/>
      </file>
      <file name="patternfivetensandnine.js" path="/home/nslon.goodmaysys.com/sreerag/Documents/Projects/Engine/LottoEngine/src/database/models/patternfivetensandnine.js">
        <metrics statements="5" coveredstatements="5" conditionals="0" coveredconditionals="0" methods="2" coveredmethods="2"/>
        <line num="2" count="8" type="stmt"/>
        <line num="3" count="8" type="stmt"/>
        <line num="6" count="8" type="stmt"/>
        <line num="12" count="8" type="stmt"/>
        <line num="32" count="8" type="stmt"/>
      </file>
      <file name="patternoddeven.js" path="/home/nslon.goodmaysys.com/sreerag/Documents/Projects/Engine/LottoEngine/src/database/models/patternoddeven.js">
        <metrics statements="4" coveredstatements="4" conditionals="0" coveredconditionals="0" methods="2" coveredmethods="2"/>
        <line num="2" count="8" type="stmt"/>
        <line num="3" count="8" type="stmt"/>
        <line num="9" count="8" type="stmt"/>
        <line num="28" count="8" type="stmt"/>
      </file>
      <file name="patternthirtytwentynine.js" path="/home/nslon.goodmaysys.com/sreerag/Documents/Projects/Engine/LottoEngine/src/database/models/patternthirtytwentynine.js">
        <metrics statements="5" coveredstatements="5" conditionals="0" coveredconditionals="0" methods="2" coveredmethods="2"/>
        <line num="2" count="8" type="stmt"/>
        <line num="3" count="8" type="stmt"/>
        <line num="6" count="8" type="stmt"/>
        <line num="11" count="8" type="stmt"/>
        <line num="26" count="8" type="stmt"/>
      </file>
    </package>
    <package name="services">
      <metrics statements="259" coveredstatements="259" conditionals="129" coveredconditionals="126" methods="36" coveredmethods="36"/>
      <file name="lottoEngineServices.js" path="/home/nslon.goodmaysys.com/sreerag/Documents/Projects/Engine/LottoEngine/src/services/lottoEngineServices.js">
        <metrics statements="259" coveredstatements="259" conditionals="129" coveredconditionals="126" methods="36" coveredmethods="36"/>
        <line num="1" count="8" type="stmt"/>
        <line num="3" count="8" type="stmt"/>
        <line num="5" count="8" type="stmt"/>
        <line num="7" count="8" type="stmt"/>
        <line num="9" count="8" type="stmt"/>
        <line num="10" count="8" type="stmt"/>
        <line num="19" count="8" type="stmt"/>
        <line num="20" count="3" type="stmt"/>
        <line num="22" count="3" type="stmt"/>
        <line num="25" count="2" type="cond" truecount="2" falsecount="0"/>
        <line num="27" count="1" type="stmt"/>
        <line num="28" count="7" type="stmt"/>
        <line num="29" count="7" type="stmt"/>
        <line num="30" count="7" type="stmt"/>
        <line num="34" count="1" type="stmt"/>
        <line num="37" count="1" type="stmt"/>
        <line num="44" count="1" type="stmt"/>
        <line num="61" count="8" type="stmt"/>
        <line num="62" count="6" type="stmt"/>
        <line num="64" count="6" type="stmt"/>
        <line num="67" count="6" type="cond" truecount="2" falsecount="0"/>
        <line num="68" count="4" type="stmt"/>
        <line num="72" count="6" type="cond" truecount="2" falsecount="0"/>
        <line num="74" count="4" type="stmt"/>
        <line num="82" count="6" type="stmt"/>
        <line num="85" count="5" type="cond" truecount="2" falsecount="0"/>
        <line num="87" count="4" type="stmt"/>
        <line num="88" count="126" type="stmt"/>
        <line num="89" count="126" type="stmt"/>
        <line num="90" count="126" type="stmt"/>
        <line num="94" count="4" type="stmt"/>
        <line num="97" count="1" type="stmt"/>
        <line num="101" count="1" type="stmt"/>
        <line num="115" count="8" type="stmt"/>
        <line num="116" count="4" type="stmt"/>
        <line num="118" count="4" type="cond" truecount="2" falsecount="0"/>
        <line num="119" count="1" type="stmt"/>
        <line num="122" count="3" type="stmt"/>
        <line num="138" count="2" type="cond" truecount="2" falsecount="0"/>
        <line num="140" count="1" type="stmt"/>
        <line num="143" count="1" type="stmt"/>
        <line num="150" count="1" type="stmt"/>
        <line num="162" count="8" type="stmt"/>
        <line num="163" count="7" type="stmt"/>
        <line num="165" count="7" type="cond" truecount="4" falsecount="0"/>
        <line num="166" count="2" type="stmt"/>
        <line num="169" count="5" type="stmt"/>
        <line num="179" count="5" type="stmt"/>
        <line num="185" count="4" type="cond" truecount="2" falsecount="0"/>
        <line num="187" count="3" type="stmt"/>
        <line num="190" count="1" type="stmt"/>
        <line num="194" count="1" type="stmt"/>
        <line num="212" count="8" type="stmt"/>
        <line num="213" count="6" type="stmt"/>
        <line num="215" count="6" type="cond" truecount="2" falsecount="0"/>
        <line num="216" count="1" type="stmt"/>
        <line num="219" count="5" type="cond" truecount="2" falsecount="0"/>
        <line num="220" count="1" type="stmt"/>
        <line num="226" count="4" type="stmt"/>
        <line num="231" count="4" type="cond" truecount="2" falsecount="0"/>
        <line num="232" count="2" type="stmt"/>
        <line num="239" count="4" type="stmt"/>
        <line num="253" count="3" type="cond" truecount="2" falsecount="0"/>
        <line num="255" count="2" type="stmt"/>
        <line num="256" count="33" type="stmt"/>
        <line num="257" count="33" type="stmt"/>
        <line num="258" count="33" type="stmt"/>
        <line num="262" count="2" type="stmt"/>
        <line num="265" count="1" type="stmt"/>
        <line num="272" count="1" type="stmt"/>
        <line num="288" count="8" type="stmt"/>
        <line num="289" count="8" type="stmt"/>
        <line num="291" count="8" type="cond" truecount="4" falsecount="0"/>
        <line num="292" count="1" type="stmt"/>
        <line num="295" count="7" type="stmt"/>
        <line num="305" count="7" type="stmt"/>
        <line num="311" count="6" type="cond" truecount="2" falsecount="0"/>
        <line num="313" count="4" type="stmt"/>
        <line num="319" count="2" type="stmt"/>
        <line num="326" count="1" type="stmt"/>
        <line num="344" count="8" type="stmt"/>
        <line num="345" count="6" type="stmt"/>
        <line num="347" count="6" type="cond" truecount="2" falsecount="0"/>
        <line num="348" count="1" type="stmt"/>
        <line num="351" count="5" type="cond" truecount="2" falsecount="0"/>
        <line num="352" count="1" type="stmt"/>
        <line num="358" count="4" type="stmt"/>
        <line num="363" count="4" type="cond" truecount="2" falsecount="0"/>
        <line num="364" count="2" type="stmt"/>
        <line num="371" count="4" type="stmt"/>
        <line num="377" count="3" type="cond" truecount="2" falsecount="0"/>
        <line num="379" count="2" type="stmt"/>
        <line num="380" count="33" type="stmt"/>
        <line num="381" count="33" type="stmt"/>
        <line num="382" count="33" type="stmt"/>
        <line num="386" count="2" type="stmt"/>
        <line num="389" count="1" type="stmt"/>
        <line num="397" count="1" type="stmt"/>
        <line num="414" count="8" type="stmt"/>
        <line num="415" count="4" type="stmt"/>
        <line num="417" count="4" type="cond" truecount="2" falsecount="0"/>
        <line num="418" count="1" type="stmt"/>
        <line num="424" count="3" type="stmt"/>
        <line num="439" count="2" type="cond" truecount="2" falsecount="0"/>
        <line num="441" count="1" type="stmt"/>
        <line num="444" count="1" type="stmt"/>
        <line num="452" count="1" type="stmt"/>
        <line num="469" count="8" type="stmt"/>
        <line num="470" count="4" type="stmt"/>
        <line num="472" count="4" type="cond" truecount="2" falsecount="0"/>
        <line num="473" count="1" type="stmt"/>
        <line num="479" count="3" type="stmt"/>
        <line num="487" count="2" type="cond" truecount="2" falsecount="0"/>
        <line num="489" count="1" type="stmt"/>
        <line num="492" count="1" type="stmt"/>
        <line num="499" count="1" type="stmt"/>
        <line num="514" count="8" type="stmt"/>
        <line num="516" count="2" type="cond" truecount="2" falsecount="0"/>
        <line num="517" count="1" type="stmt"/>
        <line num="523" count="1" type="stmt"/>
        <line num="525" count="1" type="stmt"/>
        <line num="528" count="1" type="stmt"/>
        <line num="529" count="6" type="stmt"/>
        <line num="530" count="6" type="stmt"/>
        <line num="531" count="6" type="stmt"/>
        <line num="535" count="1" type="stmt"/>
        <line num="542" count="8" type="stmt"/>
        <line num="544" count="15" type="stmt"/>
        <line num="547" count="15" type="stmt"/>
        <line num="549" count="30" type="stmt"/>
        <line num="551" count="2460" type="stmt"/>
        <line num="554" count="30" type="stmt"/>
        <line num="558" count="15" type="stmt"/>
        <line num="566" count="8" type="stmt"/>
        <line num="567" count="13" type="stmt"/>
        <line num="569" count="13" type="cond" truecount="4" falsecount="0"/>
        <line num="570" count="2" type="stmt"/>
        <line num="573" count="11" type="stmt"/>
        <line num="576" count="11" type="stmt"/>
        <line num="579" count="11" type="stmt"/>
        <line num="582" count="11" type="stmt"/>
        <line num="584" count="61" type="stmt"/>
        <line num="587" count="61" type="stmt"/>
        <line num="589" count="1761" type="cond" truecount="2" falsecount="0"/>
        <line num="593" count="60" type="stmt"/>
        <line num="594" count="560" type="cond" truecount="2" falsecount="0"/>
        <line num="595" count="215" type="stmt"/>
        <line num="598" count="60" type="cond" truecount="2" falsecount="0"/>
        <line num="599" count="1" type="stmt"/>
        <line num="603" count="60" type="stmt"/>
        <line num="606" count="10" type="cond" truecount="2" falsecount="0"/>
        <line num="607" count="1" type="stmt"/>
        <line num="613" count="9" type="stmt"/>
        <line num="617" count="1" type="stmt"/>
        <line num="626" count="8" type="stmt"/>
        <line num="627" count="3" type="stmt"/>
        <line num="629" count="3" type="cond" truecount="4" falsecount="0"/>
        <line num="630" count="1" type="stmt"/>
        <line num="633" count="2" type="stmt"/>
        <line num="634" count="9" type="stmt"/>
        <line num="638" count="1" type="stmt"/>
        <line num="644" count="1" type="cond" truecount="1" falsecount="1"/>
        <line num="646" count="1" type="stmt"/>
        <line num="649" count="1" type="stmt"/>
        <line num="651" count="6" type="stmt"/>
        <line num="654" count="6" type="stmt"/>
        <line num="656" count="21" type="cond" truecount="2" falsecount="0"/>
        <line num="658" count="62" type="stmt"/>
        <line num="664" count="15" type="stmt"/>
        <line num="669" count="6" type="stmt"/>
        <line num="673" count="1" type="stmt"/>
        <line num="677" count="1" type="stmt"/>
        <line num="690" count="8" type="stmt"/>
        <line num="691" count="7" type="stmt"/>
        <line num="693" count="7" type="cond" truecount="4" falsecount="0"/>
        <line num="694" count="1" type="stmt"/>
        <line num="697" count="6" type="stmt"/>
        <line num="703" count="6" type="cond" truecount="1" falsecount="1"/>
        <line num="705" count="6" type="cond" truecount="2" falsecount="0"/>
        <line num="707" count="5" type="stmt"/>
        <line num="708" count="25" type="stmt"/>
        <line num="709" count="25" type="cond" truecount="2" falsecount="0"/>
        <line num="711" count="14" type="stmt"/>
        <line num="715" count="173" type="cond" truecount="2" falsecount="0"/>
        <line num="718" count="13" type="stmt"/>
        <line num="723" count="4" type="stmt"/>
        <line num="724" count="20" type="cond" truecount="2" falsecount="0"/>
        <line num="726" count="47" type="stmt"/>
        <line num="729" count="6" type="stmt"/>
        <line num="730" count="23" type="stmt"/>
        <line num="736" count="4" type="stmt"/>
        <line num="740" count="1" type="stmt"/>
        <line num="744" count="1" type="stmt"/>
        <line num="753" count="8" type="stmt"/>
        <line num="754" count="5" type="stmt"/>
        <line num="756" count="5" type="cond" truecount="2" falsecount="0"/>
        <line num="761" count="1" type="stmt"/>
        <line num="766" count="4" type="cond" truecount="2" falsecount="0"/>
        <line num="767" count="3" type="stmt"/>
        <line num="769" count="1" type="stmt"/>
        <line num="773" count="4" type="stmt"/>
        <line num="776" count="4" type="stmt"/>
        <line num="777" count="4" type="stmt"/>
        <line num="778" count="24" type="stmt"/>
        <line num="779" count="43" type="stmt"/>
        <line num="781" count="24" type="cond" truecount="2" falsecount="0"/>
        <line num="782" count="23" type="stmt"/>
        <line num="787" count="4" type="stmt"/>
        <line num="788" count="4" type="stmt"/>
        <line num="789" count="24" type="cond" truecount="4" falsecount="0"/>
        <line num="790" count="6" type="stmt"/>
        <line num="791" count="18" type="cond" truecount="4" falsecount="0"/>
        <line num="792" count="6" type="stmt"/>
        <line num="793" count="12" type="cond" truecount="4" falsecount="0"/>
        <line num="794" count="2" type="stmt"/>
        <line num="795" count="10" type="cond" truecount="4" falsecount="0"/>
        <line num="796" count="4" type="stmt"/>
        <line num="797" count="6" type="cond" truecount="4" falsecount="0"/>
        <line num="798" count="4" type="stmt"/>
        <line num="799" count="2" type="cond" truecount="4" falsecount="0"/>
        <line num="800" count="1" type="stmt"/>
        <line num="806" count="4" type="stmt"/>
        <line num="809" count="4" type="stmt"/>
        <line num="814" count="4" type="stmt"/>
        <line num="815" count="4" type="stmt"/>
        <line num="816" count="24" type="stmt"/>
        <line num="818" count="38" type="stmt"/>
        <line num="820" count="23" type="cond" truecount="1" falsecount="1"/>
        <line num="821" count="23" type="stmt"/>
        <line num="826" count="3" type="stmt"/>
        <line num="836" count="1" type="stmt"/>
        <line num="848" count="8" type="stmt"/>
        <line num="849" count="1" type="stmt"/>
        <line num="852" count="1" type="stmt"/>
        <line num="853" count="10" type="stmt"/>
        <line num="855" count="10" type="stmt"/>
        <line num="856" count="60" type="stmt"/>
        <line num="860" count="1" type="stmt"/>
        <line num="868" count="8" type="stmt"/>
        <line num="869" count="1" type="stmt"/>
        <line num="872" count="1" type="stmt"/>
        <line num="873" count="3" type="stmt"/>
        <line num="876" count="3" type="stmt"/>
        <line num="878" count="12" type="stmt"/>
        <line num="880" count="47" type="cond" truecount="2" falsecount="0"/>
        <line num="884" count="31" type="stmt"/>
        <line num="888" count="3" type="stmt"/>
        <line num="892" count="1" type="stmt"/>
        <line num="895" count="1" type="stmt"/>
        <line num="896" count="10" type="stmt"/>
        <line num="898" count="150" type="cond" truecount="2" falsecount="0"/>
        <line num="902" count="50" type="stmt"/>
        <line num="908" count="1" type="stmt"/>
        <line num="911" count="1" type="stmt"/>
        <line num="912" count="50" type="stmt"/>
        <line num="914" count="300" type="cond" truecount="2" falsecount="0"/>
        <line num="918" count="100" type="stmt"/>
        <line num="923" count="1" type="stmt"/>
        <line num="926" count="8" type="stmt"/>
      </file>
    </package>
  </project>
</coverage>
