{"/home/nslon.goodmaysys.com/sreerag/Documents/Projects/Engine/LottoEngine/src/constants/classifiedNumberSystem.js": {"path":"/home/nslon.goodmaysys.com/sreerag/Documents/Projects/Engine/LottoEngine/src/constants/classifiedNumberSystem.js","statementMap":{"0":{"start":{"line":1,"column":0},"end":{"line":13,"column":2}}},"fnMap":{},"branchMap":{},"s":{"0":8},"f":{},"b":{},"_coverageSchema":"1a1c01bbd47fc00a2c39e90264f33305004495a9","hash":"9666c93ec4c96c5936d3efeecd8df88fa52ea680"}
,"/home/nslon.goodmaysys.com/sreerag/Documents/Projects/Engine/LottoEngine/src/database/config/setting.js": {"path":"/home/nslon.goodmaysys.com/sreerag/Documents/Projects/Engine/LottoEngine/src/database/config/setting.js","statementMap":{"0":{"start":{"line":1,"column":0},"end":{"line":1,"column":27}},"1":{"start":{"line":3,"column":0},"end":{"line":10,"column":2}}},"fnMap":{},"branchMap":{},"s":{"0":8,"1":8},"f":{},"b":{},"_coverageSchema":"1a1c01bbd47fc00a2c39e90264f33305004495a9","hash":"b7a83cac67176c800e56f18689c8fa778c4456ab"}
,"/home/nslon.goodmaysys.com/sreerag/Documents/Projects/Engine/LottoEngine/src/database/models/index.js": {"path":"/home/nslon.goodmaysys.com/sreerag/Documents/Projects/Engine/LottoEngine/src/database/models/index.js","statementMap":{"0":{"start":{"line":1,"column":0},"end":{"line":1,"column":40}},"1":{"start":{"line":2,"column":11},"end":{"line":2,"column":24}},"2":{"start":{"line":3,"column":13},"end":{"line":3,"column":28}},"3":{"start":{"line":4,"column":18},"end":{"line":4,"column":38}},"4":{"start":{"line":5,"column":17},"end":{"line":5,"column":45}},"5":{"start":{"line":6,"column":25},"end":{"line":6,"column":27}},"6":{"start":{"line":7,"column":17},"end":{"line":7,"column":42}},"7":{"start":{"line":10,"column":0},"end":{"line":12,"column":1}},"8":{"start":{"line":11,"column":2},"end":{"line":11,"column":38}},"9":{"start":{"line":14,"column":0},"end":{"line":26,"column":5}},"10":{"start":{"line":16,"column":4},"end":{"line":18,"column":6}},"11":{"start":{"line":21,"column":18},"end":{"line":24,"column":5}},"12":{"start":{"line":25,"column":4},"end":{"line":25,"column":41}},"13":{"start":{"line":28,"column":0},"end":{"line":32,"column":3}},"14":{"start":{"line":29,"column":2},"end":{"line":31,"column":3}},"15":{"start":{"line":30,"column":4},"end":{"line":30,"column":60}},"16":{"start":{"line":34,"column":0},"end":{"line":34,"column":39}},"17":{"start":{"line":35,"column":0},"end":{"line":35,"column":39}},"18":{"start":{"line":47,"column":0},"end":{"line":47,"column":34}}},"fnMap":{"0":{"name":"(anonymous_0)","decl":{"start":{"line":15,"column":10},"end":{"line":15,"column":11}},"loc":{"start":{"line":15,"column":20},"end":{"line":19,"column":3}},"line":15},"1":{"name":"(anonymous_1)","decl":{"start":{"line":20,"column":11},"end":{"line":20,"column":12}},"loc":{"start":{"line":20,"column":21},"end":{"line":26,"column":3}},"line":20},"2":{"name":"(anonymous_2)","decl":{"start":{"line":28,"column":38},"end":{"line":28,"column":39}},"loc":{"start":{"line":28,"column":53},"end":{"line":32,"column":1}},"line":28}},"branchMap":{"0":{"loc":{"start":{"line":10,"column":0},"end":{"line":12,"column":1}},"type":"if","locations":[{"start":{"line":10,"column":0},"end":{"line":12,"column":1}},{"start":{},"end":{}}],"line":10},"1":{"loc":{"start":{"line":17,"column":6},"end":{"line":17,"column":78}},"type":"binary-expr","locations":[{"start":{"line":17,"column":6},"end":{"line":17,"column":29}},{"start":{"line":17,"column":33},"end":{"line":17,"column":50}},{"start":{"line":17,"column":54},"end":{"line":17,"column":78}}],"line":17},"2":{"loc":{"start":{"line":29,"column":2},"end":{"line":31,"column":3}},"type":"if","locations":[{"start":{"line":29,"column":2},"end":{"line":31,"column":3}},{"start":{},"end":{}}],"line":29}},"s":{"0":8,"1":8,"2":8,"3":8,"4":8,"5":8,"6":8,"7":8,"8":8,"9":8,"10":32,"11":24,"12":24,"13":8,"14":24,"15":24,"16":8,"17":8,"18":8},"f":{"0":32,"1":24,"2":24},"b":{"0":[8,0],"1":[32,32,24],"2":[24,0]},"_coverageSchema":"1a1c01bbd47fc00a2c39e90264f33305004495a9","hash":"9b28ada1388ebb80cb009a02d712ea9f8612d12b"}
,"/home/nslon.goodmaysys.com/sreerag/Documents/Projects/Engine/LottoEngine/src/database/models/patternfivetensandnine.js": {"path":"/home/nslon.goodmaysys.com/sreerag/Documents/Projects/Engine/LottoEngine/src/database/models/patternfivetensandnine.js","statementMap":{"0":{"start":{"line":2,"column":18},"end":{"line":2,"column":38}},"1":{"start":{"line":3,"column":0},"end":{"line":33,"column":2}},"2":{"start":{"line":6,"column":6},"end":{"line":9,"column":9}},"3":{"start":{"line":12,"column":2},"end":{"line":31,"column":4}},"4":{"start":{"line":32,"column":2},"end":{"line":32,"column":32}}},"fnMap":{"0":{"name":"(anonymous_0)","decl":{"start":{"line":3,"column":17},"end":{"line":3,"column":18}},"loc":{"start":{"line":3,"column":43},"end":{"line":33,"column":1}},"line":3},"1":{"name":"(anonymous_1)","decl":{"start":{"line":5,"column":4},"end":{"line":5,"column":5}},"loc":{"start":{"line":5,"column":29},"end":{"line":10,"column":5}},"line":5}},"branchMap":{},"s":{"0":8,"1":8,"2":8,"3":8,"4":8},"f":{"0":8,"1":8},"b":{},"_coverageSchema":"1a1c01bbd47fc00a2c39e90264f33305004495a9","hash":"321402dacb853221e96dd941dce721663673b020"}
,"/home/nslon.goodmaysys.com/sreerag/Documents/Projects/Engine/LottoEngine/src/database/models/patternoddeven.js": {"path":"/home/nslon.goodmaysys.com/sreerag/Documents/Projects/Engine/LottoEngine/src/database/models/patternoddeven.js","statementMap":{"0":{"start":{"line":2,"column":18},"end":{"line":2,"column":38}},"1":{"start":{"line":3,"column":0},"end":{"line":29,"column":2}},"2":{"start":{"line":9,"column":2},"end":{"line":27,"column":4}},"3":{"start":{"line":28,"column":2},"end":{"line":28,"column":24}}},"fnMap":{"0":{"name":"(anonymous_0)","decl":{"start":{"line":3,"column":17},"end":{"line":3,"column":18}},"loc":{"start":{"line":3,"column":43},"end":{"line":29,"column":1}},"line":3},"1":{"name":"(anonymous_1)","decl":{"start":{"line":5,"column":4},"end":{"line":5,"column":5}},"loc":{"start":{"line":5,"column":29},"end":{"line":7,"column":5}},"line":5}},"branchMap":{},"s":{"0":8,"1":8,"2":8,"3":8},"f":{"0":8,"1":8},"b":{},"_coverageSchema":"1a1c01bbd47fc00a2c39e90264f33305004495a9","hash":"67a65f26222c3fce10e11c22ca341a4e105168b3"}
,"/home/nslon.goodmaysys.com/sreerag/Documents/Projects/Engine/LottoEngine/src/database/models/patternthirtytwentynine.js": {"path":"/home/nslon.goodmaysys.com/sreerag/Documents/Projects/Engine/LottoEngine/src/database/models/patternthirtytwentynine.js","statementMap":{"0":{"start":{"line":2,"column":18},"end":{"line":2,"column":38}},"1":{"start":{"line":3,"column":0},"end":{"line":27,"column":2}},"2":{"start":{"line":6,"column":6},"end":{"line":8,"column":9}},"3":{"start":{"line":11,"column":2},"end":{"line":25,"column":4}},"4":{"start":{"line":26,"column":2},"end":{"line":26,"column":33}}},"fnMap":{"0":{"name":"(anonymous_0)","decl":{"start":{"line":3,"column":17},"end":{"line":3,"column":18}},"loc":{"start":{"line":3,"column":43},"end":{"line":27,"column":1}},"line":3},"1":{"name":"(anonymous_1)","decl":{"start":{"line":5,"column":4},"end":{"line":5,"column":5}},"loc":{"start":{"line":5,"column":29},"end":{"line":9,"column":5}},"line":5}},"branchMap":{},"s":{"0":8,"1":8,"2":8,"3":8,"4":8},"f":{"0":8,"1":8},"b":{},"_coverageSchema":"1a1c01bbd47fc00a2c39e90264f33305004495a9","hash":"0970c531845b90fac59a5c865d826a88e11f429a"}
,"/home/nslon.goodmaysys.com/sreerag/Documents/Projects/Engine/LottoEngine/src/services/lottoEngineServices.js": {"path":"/home/nslon.goodmaysys.com/sreerag/Documents/Projects/Engine/LottoEngine/src/services/lottoEngineServices.js","statementMap":{"0":{"start":{"line":1,"column":23},"end":{"line":1,"column":69}},"1":{"start":{"line":3,"column":2},"end":{"line":3,"column":57}},"2":{"start":{"line":5,"column":2},"end":{"line":5,"column":54}},"3":{"start":{"line":7,"column":27},"end":{"line":7,"column":73}},"4":{"start":{"line":9,"column":18},"end":{"line":9,"column":38}},"5":{"start":{"line":10,"column":15},"end":{"line":10,"column":24}},"6":{"start":{"line":19,"column":35},"end":{"line":49,"column":1}},"7":{"start":{"line":20,"column":2},"end":{"line":48,"column":3}},"8":{"start":{"line":22,"column":21},"end":{"line":22,"column":60}},"9":{"start":{"line":25,"column":4},"end":{"line":41,"column":5}},"10":{"start":{"line":27,"column":24},"end":{"line":31,"column":12}},"11":{"start":{"line":28,"column":60},"end":{"line":28,"column":75}},"12":{"start":{"line":29,"column":8},"end":{"line":29,"column":66}},"13":{"start":{"line":30,"column":8},"end":{"line":30,"column":19}},"14":{"start":{"line":34,"column":6},"end":{"line":34,"column":47}},"15":{"start":{"line":37,"column":6},"end":{"line":40,"column":8}},"16":{"start":{"line":44,"column":4},"end":{"line":47,"column":6}},"17":{"start":{"line":61,"column":26},"end":{"line":103,"column":1}},"18":{"start":{"line":62,"column":2},"end":{"line":102,"column":3}},"19":{"start":{"line":64,"column":25},"end":{"line":64,"column":27}},"20":{"start":{"line":67,"column":4},"end":{"line":69,"column":5}},"21":{"start":{"line":68,"column":6},"end":{"line":68,"column":52}},"22":{"start":{"line":72,"column":4},"end":{"line":79,"column":5}},"23":{"start":{"line":74,"column":6},"end":{"line":78,"column":8}},"24":{"start":{"line":82,"column":21},"end":{"line":82,"column":76}},"25":{"start":{"line":85,"column":4},"end":{"line":98,"column":5}},"26":{"start":{"line":87,"column":24},"end":{"line":91,"column":12}},"27":{"start":{"line":88,"column":51},"end":{"line":88,"column":66}},"28":{"start":{"line":89,"column":8},"end":{"line":89,"column":57}},"29":{"start":{"line":90,"column":8},"end":{"line":90,"column":19}},"30":{"start":{"line":94,"column":6},"end":{"line":94,"column":47}},"31":{"start":{"line":97,"column":6},"end":{"line":97,"column":59}},"32":{"start":{"line":101,"column":4},"end":{"line":101,"column":73}},"33":{"start":{"line":115,"column":30},"end":{"line":152,"column":1}},"34":{"start":{"line":116,"column":2},"end":{"line":151,"column":3}},"35":{"start":{"line":118,"column":4},"end":{"line":119,"column":72}},"36":{"start":{"line":119,"column":6},"end":{"line":119,"column":72}},"37":{"start":{"line":122,"column":21},"end":{"line":135,"column":5}},"38":{"start":{"line":138,"column":4},"end":{"line":147,"column":5}},"39":{"start":{"line":140,"column":6},"end":{"line":140,"column":72}},"40":{"start":{"line":143,"column":6},"end":{"line":146,"column":8}},"41":{"start":{"line":150,"column":4},"end":{"line":150,"column":79}},"42":{"start":{"line":162,"column":39},"end":{"line":199,"column":1}},"43":{"start":{"line":163,"column":2},"end":{"line":198,"column":3}},"44":{"start":{"line":165,"column":4},"end":{"line":166,"column":59}},"45":{"start":{"line":166,"column":6},"end":{"line":166,"column":59}},"46":{"start":{"line":169,"column":22},"end":{"line":176,"column":5}},"47":{"start":{"line":179,"column":21},"end":{"line":182,"column":6}},"48":{"start":{"line":185,"column":4},"end":{"line":191,"column":5}},"49":{"start":{"line":187,"column":6},"end":{"line":187,"column":79}},"50":{"start":{"line":190,"column":6},"end":{"line":190,"column":79}},"51":{"start":{"line":194,"column":4},"end":{"line":197,"column":6}},"52":{"start":{"line":212,"column":34},"end":{"line":277,"column":1}},"53":{"start":{"line":213,"column":2},"end":{"line":276,"column":3}},"54":{"start":{"line":215,"column":4},"end":{"line":216,"column":71}},"55":{"start":{"line":216,"column":6},"end":{"line":216,"column":71}},"56":{"start":{"line":219,"column":4},"end":{"line":223,"column":8}},"57":{"start":{"line":220,"column":6},"end":{"line":223,"column":8}},"58":{"start":{"line":226,"column":25},"end":{"line":228,"column":5}},"59":{"start":{"line":231,"column":4},"end":{"line":236,"column":5}},"60":{"start":{"line":232,"column":6},"end":{"line":235,"column":8}},"61":{"start":{"line":239,"column":21},"end":{"line":250,"column":6}},"62":{"start":{"line":253,"column":4},"end":{"line":269,"column":5}},"63":{"start":{"line":255,"column":24},"end":{"line":259,"column":12}},"64":{"start":{"line":256,"column":57},"end":{"line":256,"column":72}},"65":{"start":{"line":257,"column":8},"end":{"line":257,"column":63}},"66":{"start":{"line":258,"column":8},"end":{"line":258,"column":19}},"67":{"start":{"line":262,"column":6},"end":{"line":262,"column":47}},"68":{"start":{"line":265,"column":6},"end":{"line":268,"column":8}},"69":{"start":{"line":272,"column":4},"end":{"line":275,"column":6}},"70":{"start":{"line":288,"column":47},"end":{"line":331,"column":1}},"71":{"start":{"line":289,"column":2},"end":{"line":330,"column":3}},"72":{"start":{"line":291,"column":4},"end":{"line":292,"column":59}},"73":{"start":{"line":292,"column":6},"end":{"line":292,"column":59}},"74":{"start":{"line":295,"column":22},"end":{"line":302,"column":5}},"75":{"start":{"line":305,"column":21},"end":{"line":308,"column":6}},"76":{"start":{"line":311,"column":4},"end":{"line":323,"column":5}},"77":{"start":{"line":313,"column":6},"end":{"line":316,"column":8}},"78":{"start":{"line":319,"column":6},"end":{"line":322,"column":8}},"79":{"start":{"line":326,"column":4},"end":{"line":329,"column":6}},"80":{"start":{"line":344,"column":46},"end":{"line":402,"column":1}},"81":{"start":{"line":345,"column":2},"end":{"line":401,"column":3}},"82":{"start":{"line":347,"column":4},"end":{"line":348,"column":71}},"83":{"start":{"line":348,"column":6},"end":{"line":348,"column":71}},"84":{"start":{"line":351,"column":4},"end":{"line":355,"column":8}},"85":{"start":{"line":352,"column":6},"end":{"line":355,"column":8}},"86":{"start":{"line":358,"column":25},"end":{"line":360,"column":5}},"87":{"start":{"line":363,"column":4},"end":{"line":368,"column":5}},"88":{"start":{"line":364,"column":6},"end":{"line":367,"column":8}},"89":{"start":{"line":371,"column":21},"end":{"line":374,"column":6}},"90":{"start":{"line":377,"column":4},"end":{"line":394,"column":5}},"91":{"start":{"line":379,"column":24},"end":{"line":383,"column":12}},"92":{"start":{"line":380,"column":57},"end":{"line":380,"column":72}},"93":{"start":{"line":381,"column":8},"end":{"line":381,"column":63}},"94":{"start":{"line":382,"column":8},"end":{"line":382,"column":19}},"95":{"start":{"line":386,"column":6},"end":{"line":386,"column":47}},"96":{"start":{"line":389,"column":6},"end":{"line":393,"column":8}},"97":{"start":{"line":397,"column":4},"end":{"line":400,"column":6}},"98":{"start":{"line":414,"column":38},"end":{"line":457,"column":1}},"99":{"start":{"line":415,"column":2},"end":{"line":456,"column":3}},"100":{"start":{"line":417,"column":4},"end":{"line":421,"column":8}},"101":{"start":{"line":418,"column":6},"end":{"line":421,"column":8}},"102":{"start":{"line":424,"column":21},"end":{"line":436,"column":5}},"103":{"start":{"line":439,"column":4},"end":{"line":449,"column":5}},"104":{"start":{"line":441,"column":6},"end":{"line":441,"column":72}},"105":{"start":{"line":444,"column":6},"end":{"line":448,"column":8}},"106":{"start":{"line":452,"column":4},"end":{"line":455,"column":6}},"107":{"start":{"line":469,"column":49},"end":{"line":504,"column":1}},"108":{"start":{"line":470,"column":2},"end":{"line":503,"column":3}},"109":{"start":{"line":472,"column":4},"end":{"line":476,"column":8}},"110":{"start":{"line":473,"column":6},"end":{"line":476,"column":8}},"111":{"start":{"line":479,"column":21},"end":{"line":484,"column":5}},"112":{"start":{"line":487,"column":4},"end":{"line":496,"column":5}},"113":{"start":{"line":489,"column":6},"end":{"line":489,"column":64}},"114":{"start":{"line":492,"column":6},"end":{"line":495,"column":8}},"115":{"start":{"line":499,"column":4},"end":{"line":502,"column":6}},"116":{"start":{"line":514,"column":34},"end":{"line":536,"column":1}},"117":{"start":{"line":516,"column":2},"end":{"line":520,"column":6}},"118":{"start":{"line":517,"column":4},"end":{"line":520,"column":6}},"119":{"start":{"line":523,"column":24},"end":{"line":523,"column":42}},"120":{"start":{"line":525,"column":37},"end":{"line":525,"column":39}},"121":{"start":{"line":528,"column":2},"end":{"line":532,"column":3}},"122":{"start":{"line":528,"column":15},"end":{"line":528,"column":16}},"123":{"start":{"line":529,"column":18},"end":{"line":529,"column":65}},"124":{"start":{"line":530,"column":25},"end":{"line":530,"column":60}},"125":{"start":{"line":531,"column":4},"end":{"line":531,"column":53}},"126":{"start":{"line":535,"column":2},"end":{"line":535,"column":60}},"127":{"start":{"line":542,"column":42},"end":{"line":559,"column":1}},"128":{"start":{"line":544,"column":27},"end":{"line":544,"column":29}},"129":{"start":{"line":547,"column":2},"end":{"line":555,"column":5}},"130":{"start":{"line":549,"column":19},"end":{"line":551,"column":28}},"131":{"start":{"line":551,"column":22},"end":{"line":551,"column":27}},"132":{"start":{"line":554,"column":4},"end":{"line":554,"column":35}},"133":{"start":{"line":558,"column":2},"end":{"line":558,"column":26}},"134":{"start":{"line":566,"column":20},"end":{"line":619,"column":1}},"135":{"start":{"line":567,"column":2},"end":{"line":618,"column":3}},"136":{"start":{"line":569,"column":4},"end":{"line":570,"column":71}},"137":{"start":{"line":570,"column":6},"end":{"line":570,"column":71}},"138":{"start":{"line":573,"column":22},"end":{"line":573,"column":27}},"139":{"start":{"line":576,"column":29},"end":{"line":576,"column":70}},"140":{"start":{"line":579,"column":15},"end":{"line":579,"column":17}},"141":{"start":{"line":582,"column":4},"end":{"line":604,"column":7}},"142":{"start":{"line":584,"column":33},"end":{"line":584,"column":66}},"143":{"start":{"line":587,"column":16},"end":{"line":590,"column":7}},"144":{"start":{"line":589,"column":10},"end":{"line":589,"column":70}},"145":{"start":{"line":593,"column":6},"end":{"line":597,"column":7}},"146":{"start":{"line":593,"column":19},"end":{"line":593,"column":20}},"147":{"start":{"line":594,"column":8},"end":{"line":596,"column":9}},"148":{"start":{"line":594,"column":37},"end":{"line":594,"column":61}},"149":{"start":{"line":595,"column":10},"end":{"line":595,"column":68}},"150":{"start":{"line":595,"column":43},"end":{"line":595,"column":66}},"151":{"start":{"line":598,"column":6},"end":{"line":600,"column":7}},"152":{"start":{"line":599,"column":8},"end":{"line":599,"column":27}},"153":{"start":{"line":603,"column":6},"end":{"line":603,"column":21}},"154":{"start":{"line":606,"column":4},"end":{"line":614,"column":5}},"155":{"start":{"line":607,"column":6},"end":{"line":610,"column":8}},"156":{"start":{"line":613,"column":6},"end":{"line":613,"column":42}},"157":{"start":{"line":617,"column":4},"end":{"line":617,"column":68}},"158":{"start":{"line":626,"column":47},"end":{"line":683,"column":1}},"159":{"start":{"line":627,"column":2},"end":{"line":682,"column":3}},"160":{"start":{"line":629,"column":4},"end":{"line":630,"column":71}},"161":{"start":{"line":630,"column":6},"end":{"line":630,"column":71}},"162":{"start":{"line":633,"column":26},"end":{"line":635,"column":5}},"163":{"start":{"line":634,"column":6},"end":{"line":634,"column":46}},"164":{"start":{"line":638,"column":21},"end":{"line":641,"column":6}},"165":{"start":{"line":644,"column":4},"end":{"line":674,"column":5}},"166":{"start":{"line":646,"column":23},"end":{"line":646,"column":25}},"167":{"start":{"line":649,"column":6},"end":{"line":670,"column":7}},"168":{"start":{"line":649,"column":19},"end":{"line":649,"column":20}},"169":{"start":{"line":651,"column":25},"end":{"line":651,"column":27}},"170":{"start":{"line":654,"column":8},"end":{"line":666,"column":9}},"171":{"start":{"line":654,"column":21},"end":{"line":654,"column":22}},"172":{"start":{"line":656,"column":10},"end":{"line":665,"column":11}},"173":{"start":{"line":658,"column":14},"end":{"line":660,"column":29}},"174":{"start":{"line":664,"column":12},"end":{"line":664,"column":47}},"175":{"start":{"line":669,"column":8},"end":{"line":669,"column":32}},"176":{"start":{"line":673,"column":6},"end":{"line":673,"column":46}},"177":{"start":{"line":677,"column":4},"end":{"line":681,"column":6}},"178":{"start":{"line":690,"column":25},"end":{"line":746,"column":1}},"179":{"start":{"line":691,"column":2},"end":{"line":745,"column":3}},"180":{"start":{"line":693,"column":4},"end":{"line":694,"column":71}},"181":{"start":{"line":694,"column":6},"end":{"line":694,"column":71}},"182":{"start":{"line":697,"column":21},"end":{"line":700,"column":6}},"183":{"start":{"line":703,"column":4},"end":{"line":741,"column":5}},"184":{"start":{"line":705,"column":6},"end":{"line":737,"column":7}},"185":{"start":{"line":707,"column":8},"end":{"line":720,"column":9}},"186":{"start":{"line":707,"column":21},"end":{"line":707,"column":22}},"187":{"start":{"line":708,"column":22},"end":{"line":708,"column":49}},"188":{"start":{"line":709,"column":10},"end":{"line":719,"column":11}},"189":{"start":{"line":711,"column":32},"end":{"line":717,"column":13}},"190":{"start":{"line":715,"column":16},"end":{"line":716,"column":65}},"191":{"start":{"line":718,"column":12},"end":{"line":718,"column":43}},"192":{"start":{"line":723,"column":8},"end":{"line":733,"column":9}},"193":{"start":{"line":723,"column":21},"end":{"line":723,"column":22}},"194":{"start":{"line":724,"column":10},"end":{"line":732,"column":11}},"195":{"start":{"line":726,"column":30},"end":{"line":726,"column":63}},"196":{"start":{"line":729,"column":12},"end":{"line":731,"column":14}},"197":{"start":{"line":730,"column":30},"end":{"line":730,"column":62}},"198":{"start":{"line":736,"column":8},"end":{"line":736,"column":53}},"199":{"start":{"line":740,"column":6},"end":{"line":740,"column":51}},"200":{"start":{"line":744,"column":4},"end":{"line":744,"column":73}},"201":{"start":{"line":753,"column":34},"end":{"line":841,"column":1}},"202":{"start":{"line":754,"column":2},"end":{"line":840,"column":3}},"203":{"start":{"line":756,"column":4},"end":{"line":762,"column":5}},"204":{"start":{"line":761,"column":6},"end":{"line":761,"column":69}},"205":{"start":{"line":766,"column":4},"end":{"line":770,"column":5}},"206":{"start":{"line":767,"column":6},"end":{"line":767,"column":31}},"207":{"start":{"line":769,"column":6},"end":{"line":769,"column":55}},"208":{"start":{"line":773,"column":30},"end":{"line":773,"column":71}},"209":{"start":{"line":776,"column":27},"end":{"line":776,"column":29}},"210":{"start":{"line":777,"column":4},"end":{"line":784,"column":5}},"211":{"start":{"line":778,"column":20},"end":{"line":780,"column":7}},"212":{"start":{"line":779,"column":8},"end":{"line":779,"column":47}},"213":{"start":{"line":781,"column":6},"end":{"line":783,"column":7}},"214":{"start":{"line":782,"column":8},"end":{"line":782,"column":35}},"215":{"start":{"line":787,"column":24},"end":{"line":787,"column":42}},"216":{"start":{"line":788,"column":4},"end":{"line":802,"column":7}},"217":{"start":{"line":789,"column":6},"end":{"line":801,"column":7}},"218":{"start":{"line":790,"column":8},"end":{"line":790,"column":25}},"219":{"start":{"line":791,"column":13},"end":{"line":801,"column":7}},"220":{"start":{"line":792,"column":8},"end":{"line":792,"column":25}},"221":{"start":{"line":793,"column":13},"end":{"line":801,"column":7}},"222":{"start":{"line":794,"column":8},"end":{"line":794,"column":25}},"223":{"start":{"line":795,"column":13},"end":{"line":801,"column":7}},"224":{"start":{"line":796,"column":8},"end":{"line":796,"column":25}},"225":{"start":{"line":797,"column":13},"end":{"line":801,"column":7}},"226":{"start":{"line":798,"column":8},"end":{"line":798,"column":25}},"227":{"start":{"line":799,"column":13},"end":{"line":801,"column":7}},"228":{"start":{"line":800,"column":8},"end":{"line":800,"column":25}},"229":{"start":{"line":806,"column":6},"end":{"line":806,"column":63}},"230":{"start":{"line":809,"column":29},"end":{"line":811,"column":5}},"231":{"start":{"line":814,"column":31},"end":{"line":814,"column":33}},"232":{"start":{"line":815,"column":4},"end":{"line":823,"column":5}},"233":{"start":{"line":815,"column":17},"end":{"line":815,"column":18}},"234":{"start":{"line":816,"column":20},"end":{"line":819,"column":7}},"235":{"start":{"line":818,"column":10},"end":{"line":818,"column":77}},"236":{"start":{"line":820,"column":6},"end":{"line":822,"column":7}},"237":{"start":{"line":821,"column":8},"end":{"line":821,"column":39}},"238":{"start":{"line":826,"column":4},"end":{"line":833,"column":6}},"239":{"start":{"line":836,"column":4},"end":{"line":839,"column":6}},"240":{"start":{"line":848,"column":50},"end":{"line":861,"column":1}},"241":{"start":{"line":849,"column":17},"end":{"line":849,"column":19}},"242":{"start":{"line":852,"column":2},"end":{"line":858,"column":3}},"243":{"start":{"line":853,"column":19},"end":{"line":853,"column":29}},"244":{"start":{"line":855,"column":4},"end":{"line":857,"column":17}},"245":{"start":{"line":856,"column":22},"end":{"line":856,"column":55}},"246":{"start":{"line":860,"column":2},"end":{"line":860,"column":16}},"247":{"start":{"line":868,"column":35},"end":{"line":924,"column":1}},"248":{"start":{"line":869,"column":25},"end":{"line":869,"column":27}},"249":{"start":{"line":872,"column":2},"end":{"line":889,"column":3}},"250":{"start":{"line":872,"column":15},"end":{"line":872,"column":16}},"251":{"start":{"line":873,"column":21},"end":{"line":873,"column":23}},"252":{"start":{"line":876,"column":4},"end":{"line":887,"column":5}},"253":{"start":{"line":876,"column":17},"end":{"line":876,"column":18}},"254":{"start":{"line":878,"column":6},"end":{"line":886,"column":7}},"255":{"start":{"line":878,"column":19},"end":{"line":878,"column":20}},"256":{"start":{"line":880,"column":8},"end":{"line":885,"column":9}},"257":{"start":{"line":884,"column":10},"end":{"line":884,"column":61}},"258":{"start":{"line":888,"column":4},"end":{"line":888,"column":38}},"259":{"start":{"line":892,"column":17},"end":{"line":892,"column":19}},"260":{"start":{"line":895,"column":2},"end":{"line":905,"column":3}},"261":{"start":{"line":895,"column":15},"end":{"line":895,"column":16}},"262":{"start":{"line":896,"column":4},"end":{"line":904,"column":5}},"263":{"start":{"line":896,"column":17},"end":{"line":896,"column":18}},"264":{"start":{"line":898,"column":6},"end":{"line":903,"column":7}},"265":{"start":{"line":902,"column":8},"end":{"line":902,"column":77}},"266":{"start":{"line":908,"column":17},"end":{"line":908,"column":19}},"267":{"start":{"line":911,"column":2},"end":{"line":921,"column":3}},"268":{"start":{"line":911,"column":15},"end":{"line":911,"column":16}},"269":{"start":{"line":912,"column":4},"end":{"line":920,"column":5}},"270":{"start":{"line":912,"column":17},"end":{"line":912,"column":18}},"271":{"start":{"line":914,"column":6},"end":{"line":919,"column":7}},"272":{"start":{"line":918,"column":8},"end":{"line":918,"column":66}},"273":{"start":{"line":923,"column":2},"end":{"line":923,"column":18}},"274":{"start":{"line":926,"column":0},"end":{"line":944,"column":2}}},"fnMap":{"0":{"name":"(anonymous_0)","decl":{"start":{"line":19,"column":35},"end":{"line":19,"column":36}},"loc":{"start":{"line":19,"column":47},"end":{"line":49,"column":1}},"line":19},"1":{"name":"(anonymous_1)","decl":{"start":{"line":27,"column":40},"end":{"line":27,"column":41}},"loc":{"start":{"line":27,"column":55},"end":{"line":31,"column":7}},"line":27},"2":{"name":"(anonymous_2)","decl":{"start":{"line":61,"column":26},"end":{"line":61,"column":27}},"loc":{"start":{"line":61,"column":43},"end":{"line":103,"column":1}},"line":61},"3":{"name":"(anonymous_3)","decl":{"start":{"line":87,"column":40},"end":{"line":87,"column":41}},"loc":{"start":{"line":87,"column":55},"end":{"line":91,"column":7}},"line":87},"4":{"name":"(anonymous_4)","decl":{"start":{"line":115,"column":30},"end":{"line":115,"column":31}},"loc":{"start":{"line":115,"column":47},"end":{"line":152,"column":1}},"line":115},"5":{"name":"(anonymous_5)","decl":{"start":{"line":162,"column":39},"end":{"line":162,"column":40}},"loc":{"start":{"line":162,"column":58},"end":{"line":199,"column":1}},"line":162},"6":{"name":"(anonymous_6)","decl":{"start":{"line":212,"column":34},"end":{"line":212,"column":35}},"loc":{"start":{"line":212,"column":51},"end":{"line":277,"column":1}},"line":212},"7":{"name":"(anonymous_7)","decl":{"start":{"line":255,"column":40},"end":{"line":255,"column":41}},"loc":{"start":{"line":255,"column":55},"end":{"line":259,"column":7}},"line":255},"8":{"name":"(anonymous_8)","decl":{"start":{"line":288,"column":47},"end":{"line":288,"column":48}},"loc":{"start":{"line":288,"column":66},"end":{"line":331,"column":1}},"line":288},"9":{"name":"(anonymous_9)","decl":{"start":{"line":344,"column":46},"end":{"line":344,"column":47}},"loc":{"start":{"line":344,"column":63},"end":{"line":402,"column":1}},"line":344},"10":{"name":"(anonymous_10)","decl":{"start":{"line":379,"column":40},"end":{"line":379,"column":41}},"loc":{"start":{"line":379,"column":55},"end":{"line":383,"column":7}},"line":379},"11":{"name":"(anonymous_11)","decl":{"start":{"line":414,"column":38},"end":{"line":414,"column":39}},"loc":{"start":{"line":414,"column":55},"end":{"line":457,"column":1}},"line":414},"12":{"name":"(anonymous_12)","decl":{"start":{"line":469,"column":49},"end":{"line":469,"column":50}},"loc":{"start":{"line":469,"column":66},"end":{"line":504,"column":1}},"line":469},"13":{"name":"(anonymous_13)","decl":{"start":{"line":514,"column":34},"end":{"line":514,"column":35}},"loc":{"start":{"line":514,"column":51},"end":{"line":536,"column":1}},"line":514},"14":{"name":"(anonymous_14)","decl":{"start":{"line":542,"column":42},"end":{"line":542,"column":43}},"loc":{"start":{"line":542,"column":54},"end":{"line":559,"column":1}},"line":542},"15":{"name":"(anonymous_15)","decl":{"start":{"line":547,"column":42},"end":{"line":547,"column":43}},"loc":{"start":{"line":547,"column":51},"end":{"line":555,"column":3}},"line":547},"16":{"name":"(anonymous_16)","decl":{"start":{"line":551,"column":12},"end":{"line":551,"column":13}},"loc":{"start":{"line":551,"column":22},"end":{"line":551,"column":27}},"line":551},"17":{"name":"(anonymous_17)","decl":{"start":{"line":566,"column":20},"end":{"line":566,"column":21}},"loc":{"start":{"line":566,"column":37},"end":{"line":619,"column":1}},"line":566},"18":{"name":"(anonymous_18)","decl":{"start":{"line":582,"column":45},"end":{"line":582,"column":46}},"loc":{"start":{"line":582,"column":63},"end":{"line":604,"column":5}},"line":582},"19":{"name":"(anonymous_19)","decl":{"start":{"line":588,"column":8},"end":{"line":588,"column":9}},"loc":{"start":{"line":589,"column":10},"end":{"line":589,"column":70}},"line":589},"20":{"name":"(anonymous_20)","decl":{"start":{"line":594,"column":21},"end":{"line":594,"column":22}},"loc":{"start":{"line":594,"column":37},"end":{"line":594,"column":61}},"line":594},"21":{"name":"(anonymous_21)","decl":{"start":{"line":595,"column":27},"end":{"line":595,"column":28}},"loc":{"start":{"line":595,"column":43},"end":{"line":595,"column":66}},"line":595},"22":{"name":"(anonymous_22)","decl":{"start":{"line":626,"column":47},"end":{"line":626,"column":48}},"loc":{"start":{"line":626,"column":64},"end":{"line":683,"column":1}},"line":626},"23":{"name":"(anonymous_23)","decl":{"start":{"line":633,"column":58},"end":{"line":633,"column":59}},"loc":{"start":{"line":634,"column":6},"end":{"line":634,"column":46}},"line":634},"24":{"name":"(anonymous_24)","decl":{"start":{"line":657,"column":34},"end":{"line":657,"column":35}},"loc":{"start":{"line":658,"column":14},"end":{"line":660,"column":29}},"line":658},"25":{"name":"(anonymous_25)","decl":{"start":{"line":690,"column":25},"end":{"line":690,"column":26}},"loc":{"start":{"line":690,"column":42},"end":{"line":746,"column":1}},"line":690},"26":{"name":"(anonymous_26)","decl":{"start":{"line":714,"column":14},"end":{"line":714,"column":15}},"loc":{"start":{"line":715,"column":16},"end":{"line":716,"column":65}},"line":715},"27":{"name":"(anonymous_27)","decl":{"start":{"line":726,"column":14},"end":{"line":726,"column":15}},"loc":{"start":{"line":726,"column":30},"end":{"line":726,"column":63}},"line":726},"28":{"name":"(anonymous_28)","decl":{"start":{"line":730,"column":14},"end":{"line":730,"column":15}},"loc":{"start":{"line":730,"column":30},"end":{"line":730,"column":62}},"line":730},"29":{"name":"(anonymous_29)","decl":{"start":{"line":753,"column":34},"end":{"line":753,"column":35}},"loc":{"start":{"line":753,"column":51},"end":{"line":841,"column":1}},"line":753},"30":{"name":"(anonymous_30)","decl":{"start":{"line":778,"column":56},"end":{"line":778,"column":57}},"loc":{"start":{"line":779,"column":8},"end":{"line":779,"column":47}},"line":779},"31":{"name":"(anonymous_31)","decl":{"start":{"line":788,"column":24},"end":{"line":788,"column":25}},"loc":{"start":{"line":788,"column":36},"end":{"line":802,"column":5}},"line":788},"32":{"name":"(anonymous_32)","decl":{"start":{"line":817,"column":8},"end":{"line":817,"column":9}},"loc":{"start":{"line":818,"column":10},"end":{"line":818,"column":77}},"line":818},"33":{"name":"(anonymous_33)","decl":{"start":{"line":848,"column":50},"end":{"line":848,"column":51}},"loc":{"start":{"line":848,"column":61},"end":{"line":861,"column":1}},"line":848},"34":{"name":"(anonymous_34)","decl":{"start":{"line":856,"column":11},"end":{"line":856,"column":12}},"loc":{"start":{"line":856,"column":22},"end":{"line":856,"column":55}},"line":856},"35":{"name":"(anonymous_35)","decl":{"start":{"line":868,"column":35},"end":{"line":868,"column":36}},"loc":{"start":{"line":868,"column":51},"end":{"line":924,"column":1}},"line":868}},"branchMap":{"0":{"loc":{"start":{"line":25,"column":4},"end":{"line":41,"column":5}},"type":"if","locations":[{"start":{"line":25,"column":4},"end":{"line":41,"column":5}},{"start":{"line":35,"column":11},"end":{"line":41,"column":5}}],"line":25},"1":{"loc":{"start":{"line":67,"column":4},"end":{"line":69,"column":5}},"type":"if","locations":[{"start":{"line":67,"column":4},"end":{"line":69,"column":5}},{"start":{},"end":{}}],"line":67},"2":{"loc":{"start":{"line":72,"column":4},"end":{"line":79,"column":5}},"type":"if","locations":[{"start":{"line":72,"column":4},"end":{"line":79,"column":5}},{"start":{},"end":{}}],"line":72},"3":{"loc":{"start":{"line":85,"column":4},"end":{"line":98,"column":5}},"type":"if","locations":[{"start":{"line":85,"column":4},"end":{"line":98,"column":5}},{"start":{"line":95,"column":11},"end":{"line":98,"column":5}}],"line":85},"4":{"loc":{"start":{"line":118,"column":4},"end":{"line":119,"column":72}},"type":"if","locations":[{"start":{"line":118,"column":4},"end":{"line":119,"column":72}},{"start":{},"end":{}}],"line":118},"5":{"loc":{"start":{"line":138,"column":4},"end":{"line":147,"column":5}},"type":"if","locations":[{"start":{"line":138,"column":4},"end":{"line":147,"column":5}},{"start":{"line":141,"column":11},"end":{"line":147,"column":5}}],"line":138},"6":{"loc":{"start":{"line":165,"column":4},"end":{"line":166,"column":59}},"type":"if","locations":[{"start":{"line":165,"column":4},"end":{"line":166,"column":59}},{"start":{},"end":{}}],"line":165},"7":{"loc":{"start":{"line":165,"column":8},"end":{"line":165,"column":40}},"type":"binary-expr","locations":[{"start":{"line":165,"column":8},"end":{"line":165,"column":16}},{"start":{"line":165,"column":20},"end":{"line":165,"column":40}}],"line":165},"8":{"loc":{"start":{"line":185,"column":4},"end":{"line":191,"column":5}},"type":"if","locations":[{"start":{"line":185,"column":4},"end":{"line":191,"column":5}},{"start":{"line":188,"column":11},"end":{"line":191,"column":5}}],"line":185},"9":{"loc":{"start":{"line":215,"column":4},"end":{"line":216,"column":71}},"type":"if","locations":[{"start":{"line":215,"column":4},"end":{"line":216,"column":71}},{"start":{},"end":{}}],"line":215},"10":{"loc":{"start":{"line":219,"column":4},"end":{"line":223,"column":8}},"type":"if","locations":[{"start":{"line":219,"column":4},"end":{"line":223,"column":8}},{"start":{},"end":{}}],"line":219},"11":{"loc":{"start":{"line":231,"column":4},"end":{"line":236,"column":5}},"type":"if","locations":[{"start":{"line":231,"column":4},"end":{"line":236,"column":5}},{"start":{},"end":{}}],"line":231},"12":{"loc":{"start":{"line":253,"column":4},"end":{"line":269,"column":5}},"type":"if","locations":[{"start":{"line":253,"column":4},"end":{"line":269,"column":5}},{"start":{"line":263,"column":11},"end":{"line":269,"column":5}}],"line":253},"13":{"loc":{"start":{"line":291,"column":4},"end":{"line":292,"column":59}},"type":"if","locations":[{"start":{"line":291,"column":4},"end":{"line":292,"column":59}},{"start":{},"end":{}}],"line":291},"14":{"loc":{"start":{"line":291,"column":8},"end":{"line":291,"column":40}},"type":"binary-expr","locations":[{"start":{"line":291,"column":8},"end":{"line":291,"column":16}},{"start":{"line":291,"column":20},"end":{"line":291,"column":40}}],"line":291},"15":{"loc":{"start":{"line":311,"column":4},"end":{"line":323,"column":5}},"type":"if","locations":[{"start":{"line":311,"column":4},"end":{"line":323,"column":5}},{"start":{"line":317,"column":11},"end":{"line":323,"column":5}}],"line":311},"16":{"loc":{"start":{"line":347,"column":4},"end":{"line":348,"column":71}},"type":"if","locations":[{"start":{"line":347,"column":4},"end":{"line":348,"column":71}},{"start":{},"end":{}}],"line":347},"17":{"loc":{"start":{"line":351,"column":4},"end":{"line":355,"column":8}},"type":"if","locations":[{"start":{"line":351,"column":4},"end":{"line":355,"column":8}},{"start":{},"end":{}}],"line":351},"18":{"loc":{"start":{"line":363,"column":4},"end":{"line":368,"column":5}},"type":"if","locations":[{"start":{"line":363,"column":4},"end":{"line":368,"column":5}},{"start":{},"end":{}}],"line":363},"19":{"loc":{"start":{"line":377,"column":4},"end":{"line":394,"column":5}},"type":"if","locations":[{"start":{"line":377,"column":4},"end":{"line":394,"column":5}},{"start":{"line":387,"column":11},"end":{"line":394,"column":5}}],"line":377},"20":{"loc":{"start":{"line":417,"column":4},"end":{"line":421,"column":8}},"type":"if","locations":[{"start":{"line":417,"column":4},"end":{"line":421,"column":8}},{"start":{},"end":{}}],"line":417},"21":{"loc":{"start":{"line":439,"column":4},"end":{"line":449,"column":5}},"type":"if","locations":[{"start":{"line":439,"column":4},"end":{"line":449,"column":5}},{"start":{"line":442,"column":11},"end":{"line":449,"column":5}}],"line":439},"22":{"loc":{"start":{"line":472,"column":4},"end":{"line":476,"column":8}},"type":"if","locations":[{"start":{"line":472,"column":4},"end":{"line":476,"column":8}},{"start":{},"end":{}}],"line":472},"23":{"loc":{"start":{"line":487,"column":4},"end":{"line":496,"column":5}},"type":"if","locations":[{"start":{"line":487,"column":4},"end":{"line":496,"column":5}},{"start":{"line":490,"column":11},"end":{"line":496,"column":5}}],"line":487},"24":{"loc":{"start":{"line":516,"column":2},"end":{"line":520,"column":6}},"type":"if","locations":[{"start":{"line":516,"column":2},"end":{"line":520,"column":6}},{"start":{},"end":{}}],"line":516},"25":{"loc":{"start":{"line":569,"column":4},"end":{"line":570,"column":71}},"type":"if","locations":[{"start":{"line":569,"column":4},"end":{"line":570,"column":71}},{"start":{},"end":{}}],"line":569},"26":{"loc":{"start":{"line":569,"column":8},"end":{"line":569,"column":74}},"type":"binary-expr","locations":[{"start":{"line":569,"column":8},"end":{"line":569,"column":42}},{"start":{"line":569,"column":46},"end":{"line":569,"column":74}}],"line":569},"27":{"loc":{"start":{"line":589,"column":10},"end":{"line":589,"column":70}},"type":"binary-expr","locations":[{"start":{"line":589,"column":10},"end":{"line":589,"column":40}},{"start":{"line":589,"column":44},"end":{"line":589,"column":70}}],"line":589},"28":{"loc":{"start":{"line":594,"column":8},"end":{"line":596,"column":9}},"type":"if","locations":[{"start":{"line":594,"column":8},"end":{"line":596,"column":9}},{"start":{},"end":{}}],"line":594},"29":{"loc":{"start":{"line":598,"column":6},"end":{"line":600,"column":7}},"type":"if","locations":[{"start":{"line":598,"column":6},"end":{"line":600,"column":7}},{"start":{},"end":{}}],"line":598},"30":{"loc":{"start":{"line":606,"column":4},"end":{"line":614,"column":5}},"type":"if","locations":[{"start":{"line":606,"column":4},"end":{"line":614,"column":5}},{"start":{"line":611,"column":11},"end":{"line":614,"column":5}}],"line":606},"31":{"loc":{"start":{"line":629,"column":4},"end":{"line":630,"column":71}},"type":"if","locations":[{"start":{"line":629,"column":4},"end":{"line":630,"column":71}},{"start":{},"end":{}}],"line":629},"32":{"loc":{"start":{"line":629,"column":8},"end":{"line":629,"column":74}},"type":"binary-expr","locations":[{"start":{"line":629,"column":8},"end":{"line":629,"column":42}},{"start":{"line":629,"column":46},"end":{"line":629,"column":74}}],"line":629},"33":{"loc":{"start":{"line":644,"column":4},"end":{"line":674,"column":5}},"type":"if","locations":[{"start":{"line":644,"column":4},"end":{"line":674,"column":5}},{"start":{},"end":{}}],"line":644},"34":{"loc":{"start":{"line":656,"column":10},"end":{"line":665,"column":11}},"type":"if","locations":[{"start":{"line":656,"column":10},"end":{"line":665,"column":11}},{"start":{},"end":{}}],"line":656},"35":{"loc":{"start":{"line":693,"column":4},"end":{"line":694,"column":71}},"type":"if","locations":[{"start":{"line":693,"column":4},"end":{"line":694,"column":71}},{"start":{},"end":{}}],"line":693},"36":{"loc":{"start":{"line":693,"column":8},"end":{"line":693,"column":74}},"type":"binary-expr","locations":[{"start":{"line":693,"column":8},"end":{"line":693,"column":42}},{"start":{"line":693,"column":46},"end":{"line":693,"column":74}}],"line":693},"37":{"loc":{"start":{"line":703,"column":4},"end":{"line":741,"column":5}},"type":"if","locations":[{"start":{"line":703,"column":4},"end":{"line":741,"column":5}},{"start":{},"end":{}}],"line":703},"38":{"loc":{"start":{"line":705,"column":6},"end":{"line":737,"column":7}},"type":"if","locations":[{"start":{"line":705,"column":6},"end":{"line":737,"column":7}},{"start":{},"end":{}}],"line":705},"39":{"loc":{"start":{"line":709,"column":10},"end":{"line":719,"column":11}},"type":"if","locations":[{"start":{"line":709,"column":10},"end":{"line":719,"column":11}},{"start":{},"end":{}}],"line":709},"40":{"loc":{"start":{"line":715,"column":16},"end":{"line":716,"column":65}},"type":"binary-expr","locations":[{"start":{"line":715,"column":16},"end":{"line":715,"column":69}},{"start":{"line":716,"column":16},"end":{"line":716,"column":65}}],"line":715},"41":{"loc":{"start":{"line":724,"column":10},"end":{"line":732,"column":11}},"type":"if","locations":[{"start":{"line":724,"column":10},"end":{"line":732,"column":11}},{"start":{},"end":{}}],"line":724},"42":{"loc":{"start":{"line":756,"column":4},"end":{"line":762,"column":5}},"type":"if","locations":[{"start":{"line":756,"column":4},"end":{"line":762,"column":5}},{"start":{},"end":{}}],"line":756},"43":{"loc":{"start":{"line":757,"column":6},"end":{"line":759,"column":60}},"type":"binary-expr","locations":[{"start":{"line":757,"column":6},"end":{"line":757,"column":18}},{"start":{"line":758,"column":7},"end":{"line":758,"column":37}},{"start":{"line":758,"column":41},"end":{"line":758,"column":58}},{"start":{"line":759,"column":7},"end":{"line":759,"column":32}},{"start":{"line":759,"column":36},"end":{"line":759,"column":59}}],"line":757},"44":{"loc":{"start":{"line":766,"column":4},"end":{"line":770,"column":5}},"type":"if","locations":[{"start":{"line":766,"column":4},"end":{"line":770,"column":5}},{"start":{"line":768,"column":11},"end":{"line":770,"column":5}}],"line":766},"45":{"loc":{"start":{"line":781,"column":6},"end":{"line":783,"column":7}},"type":"if","locations":[{"start":{"line":781,"column":6},"end":{"line":783,"column":7}},{"start":{},"end":{}}],"line":781},"46":{"loc":{"start":{"line":789,"column":6},"end":{"line":801,"column":7}},"type":"if","locations":[{"start":{"line":789,"column":6},"end":{"line":801,"column":7}},{"start":{"line":791,"column":13},"end":{"line":801,"column":7}}],"line":789},"47":{"loc":{"start":{"line":789,"column":10},"end":{"line":789,"column":37}},"type":"binary-expr","locations":[{"start":{"line":789,"column":10},"end":{"line":789,"column":21}},{"start":{"line":789,"column":25},"end":{"line":789,"column":37}}],"line":789},"48":{"loc":{"start":{"line":791,"column":13},"end":{"line":801,"column":7}},"type":"if","locations":[{"start":{"line":791,"column":13},"end":{"line":801,"column":7}},{"start":{"line":793,"column":13},"end":{"line":801,"column":7}}],"line":791},"49":{"loc":{"start":{"line":791,"column":17},"end":{"line":791,"column":45}},"type":"binary-expr","locations":[{"start":{"line":791,"column":17},"end":{"line":791,"column":29}},{"start":{"line":791,"column":33},"end":{"line":791,"column":45}}],"line":791},"50":{"loc":{"start":{"line":793,"column":13},"end":{"line":801,"column":7}},"type":"if","locations":[{"start":{"line":793,"column":13},"end":{"line":801,"column":7}},{"start":{"line":795,"column":13},"end":{"line":801,"column":7}}],"line":793},"51":{"loc":{"start":{"line":793,"column":17},"end":{"line":793,"column":45}},"type":"binary-expr","locations":[{"start":{"line":793,"column":17},"end":{"line":793,"column":29}},{"start":{"line":793,"column":33},"end":{"line":793,"column":45}}],"line":793},"52":{"loc":{"start":{"line":795,"column":13},"end":{"line":801,"column":7}},"type":"if","locations":[{"start":{"line":795,"column":13},"end":{"line":801,"column":7}},{"start":{"line":797,"column":13},"end":{"line":801,"column":7}}],"line":795},"53":{"loc":{"start":{"line":795,"column":17},"end":{"line":795,"column":45}},"type":"binary-expr","locations":[{"start":{"line":795,"column":17},"end":{"line":795,"column":29}},{"start":{"line":795,"column":33},"end":{"line":795,"column":45}}],"line":795},"54":{"loc":{"start":{"line":797,"column":13},"end":{"line":801,"column":7}},"type":"if","locations":[{"start":{"line":797,"column":13},"end":{"line":801,"column":7}},{"start":{"line":799,"column":13},"end":{"line":801,"column":7}}],"line":797},"55":{"loc":{"start":{"line":797,"column":17},"end":{"line":797,"column":45}},"type":"binary-expr","locations":[{"start":{"line":797,"column":17},"end":{"line":797,"column":29}},{"start":{"line":797,"column":33},"end":{"line":797,"column":45}}],"line":797},"56":{"loc":{"start":{"line":799,"column":13},"end":{"line":801,"column":7}},"type":"if","locations":[{"start":{"line":799,"column":13},"end":{"line":801,"column":7}},{"start":{},"end":{}}],"line":799},"57":{"loc":{"start":{"line":799,"column":17},"end":{"line":799,"column":45}},"type":"binary-expr","locations":[{"start":{"line":799,"column":17},"end":{"line":799,"column":29}},{"start":{"line":799,"column":33},"end":{"line":799,"column":45}}],"line":799},"58":{"loc":{"start":{"line":820,"column":6},"end":{"line":822,"column":7}},"type":"if","locations":[{"start":{"line":820,"column":6},"end":{"line":822,"column":7}},{"start":{},"end":{}}],"line":820},"59":{"loc":{"start":{"line":880,"column":8},"end":{"line":885,"column":9}},"type":"if","locations":[{"start":{"line":880,"column":8},"end":{"line":885,"column":9}},{"start":{},"end":{}}],"line":880},"60":{"loc":{"start":{"line":881,"column":10},"end":{"line":882,"column":65}},"type":"binary-expr","locations":[{"start":{"line":881,"column":10},"end":{"line":881,"column":37}},{"start":{"line":882,"column":10},"end":{"line":882,"column":65}}],"line":881},"61":{"loc":{"start":{"line":898,"column":6},"end":{"line":903,"column":7}},"type":"if","locations":[{"start":{"line":898,"column":6},"end":{"line":903,"column":7}},{"start":{},"end":{}}],"line":898},"62":{"loc":{"start":{"line":914,"column":6},"end":{"line":919,"column":7}},"type":"if","locations":[{"start":{"line":914,"column":6},"end":{"line":919,"column":7}},{"start":{},"end":{}}],"line":914}},"s":{"0":8,"1":8,"2":8,"3":8,"4":8,"5":8,"6":8,"7":3,"8":3,"9":2,"10":1,"11":7,"12":7,"13":7,"14":1,"15":1,"16":1,"17":8,"18":6,"19":6,"20":6,"21":4,"22":6,"23":4,"24":6,"25":5,"26":4,"27":126,"28":126,"29":126,"30":4,"31":1,"32":1,"33":8,"34":4,"35":4,"36":1,"37":3,"38":2,"39":1,"40":1,"41":1,"42":8,"43":7,"44":7,"45":2,"46":5,"47":5,"48":4,"49":3,"50":1,"51":1,"52":8,"53":6,"54":6,"55":1,"56":5,"57":1,"58":4,"59":4,"60":2,"61":4,"62":3,"63":2,"64":33,"65":33,"66":33,"67":2,"68":1,"69":1,"70":8,"71":8,"72":8,"73":1,"74":7,"75":7,"76":6,"77":4,"78":2,"79":1,"80":8,"81":6,"82":6,"83":1,"84":5,"85":1,"86":4,"87":4,"88":2,"89":4,"90":3,"91":2,"92":33,"93":33,"94":33,"95":2,"96":1,"97":1,"98":8,"99":4,"100":4,"101":1,"102":3,"103":2,"104":1,"105":1,"106":1,"107":8,"108":4,"109":4,"110":1,"111":3,"112":2,"113":1,"114":1,"115":1,"116":8,"117":2,"118":1,"119":1,"120":1,"121":1,"122":1,"123":6,"124":6,"125":6,"126":1,"127":8,"128":15,"129":15,"130":30,"131":2460,"132":30,"133":15,"134":8,"135":13,"136":13,"137":2,"138":11,"139":11,"140":11,"141":11,"142":61,"143":61,"144":1761,"145":60,"146":60,"147":150,"148":560,"149":47,"150":215,"151":60,"152":1,"153":60,"154":10,"155":1,"156":9,"157":1,"158":8,"159":3,"160":3,"161":1,"162":2,"163":9,"164":1,"165":1,"166":1,"167":1,"168":1,"169":6,"170":6,"171":6,"172":21,"173":62,"174":15,"175":6,"176":1,"177":1,"178":8,"179":7,"180":7,"181":1,"182":6,"183":6,"184":6,"185":5,"186":5,"187":25,"188":25,"189":14,"190":173,"191":13,"192":4,"193":4,"194":20,"195":47,"196":6,"197":23,"198":4,"199":1,"200":1,"201":8,"202":5,"203":5,"204":1,"205":4,"206":3,"207":1,"208":4,"209":4,"210":4,"211":24,"212":43,"213":24,"214":23,"215":4,"216":4,"217":24,"218":6,"219":18,"220":6,"221":12,"222":2,"223":10,"224":4,"225":6,"226":4,"227":2,"228":1,"229":4,"230":4,"231":4,"232":4,"233":4,"234":24,"235":38,"236":23,"237":23,"238":3,"239":1,"240":8,"241":1,"242":1,"243":10,"244":10,"245":60,"246":1,"247":8,"248":1,"249":1,"250":1,"251":3,"252":3,"253":3,"254":12,"255":12,"256":47,"257":31,"258":3,"259":1,"260":1,"261":1,"262":10,"263":10,"264":150,"265":50,"266":1,"267":1,"268":1,"269":50,"270":50,"271":300,"272":100,"273":1,"274":8},"f":{"0":3,"1":7,"2":6,"3":126,"4":4,"5":7,"6":6,"7":33,"8":8,"9":6,"10":33,"11":4,"12":4,"13":2,"14":15,"15":30,"16":2460,"17":13,"18":61,"19":1761,"20":560,"21":215,"22":3,"23":9,"24":62,"25":7,"26":173,"27":47,"28":23,"29":5,"30":43,"31":24,"32":38,"33":1,"34":60,"35":1},"b":{"0":[1,1],"1":[4,2],"2":[4,2],"3":[4,1],"4":[1,3],"5":[1,1],"6":[2,5],"7":[7,6],"8":[3,1],"9":[1,5],"10":[1,4],"11":[2,2],"12":[2,1],"13":[1,7],"14":[8,7],"15":[4,2],"16":[1,5],"17":[1,4],"18":[2,2],"19":[2,1],"20":[1,3],"21":[1,1],"22":[1,3],"23":[1,1],"24":[1,1],"25":[2,11],"26":[13,12],"27":[1761,1413],"28":[47,103],"29":[1,59],"30":[1,9],"31":[1,2],"32":[3,3],"33":[1,0],"34":[15,6],"35":[1,6],"36":[7,7],"37":[6,0],"38":[5,1],"39":[14,11],"40":[173,154],"41":[6,14],"42":[1,4],"43":[5,4,1,4,3],"44":[3,1],"45":[23,1],"46":[6,18],"47":[24,24],"48":[6,12],"49":[18,18],"50":[2,10],"51":[12,12],"52":[4,6],"53":[10,10],"54":[4,2],"55":[6,6],"56":[1,1],"57":[2,2],"58":[23,0],"59":[31,16],"60":[47,31],"61":[50,100],"62":[100,200]},"_coverageSchema":"1a1c01bbd47fc00a2c39e90264f33305004495a9","hash":"0679cadf87ea938ae5fd787aaab21be5b365e087"}
}
