TN:
SF:src/constants/classifiedNumberSystem.js
FNF:0
FNH:0
DA:1,8
LF:1
LH:1
BRF:0
BRH:0
end_of_record
TN:
SF:src/database/config/setting.js
FNF:0
FNH:0
DA:1,8
DA:3,8
LF:2
LH:2
BRF:0
BRH:0
end_of_record
TN:
SF:src/database/models/index.js
FN:15,(anonymous_0)
FN:20,(anonymous_1)
FN:28,(anonymous_2)
FNF:3
FNH:3
FNDA:32,(anonymous_0)
FNDA:24,(anonymous_1)
FNDA:24,(anonymous_2)
DA:1,8
DA:2,8
DA:3,8
DA:4,8
DA:5,8
DA:6,8
DA:7,8
DA:10,8
DA:11,8
DA:14,8
DA:16,32
DA:21,24
DA:25,24
DA:28,8
DA:29,24
DA:30,24
DA:34,8
DA:35,8
DA:47,8
LF:19
LH:19
BRDA:10,0,0,8
BRDA:10,0,1,0
BRDA:17,1,0,32
BRDA:17,1,1,32
BRDA:17,1,2,24
BRDA:29,2,0,24
BRDA:29,2,1,0
BRF:7
BRH:5
end_of_record
TN:
SF:src/database/models/patternfivetensandnine.js
FN:3,(anonymous_0)
FN:5,(anonymous_1)
FNF:2
FNH:2
FNDA:8,(anonymous_0)
FNDA:8,(anonymous_1)
DA:2,8
DA:3,8
DA:6,8
DA:12,8
DA:32,8
LF:5
LH:5
BRF:0
BRH:0
end_of_record
TN:
SF:src/database/models/patternoddeven.js
FN:3,(anonymous_0)
FN:5,(anonymous_1)
FNF:2
FNH:2
FNDA:8,(anonymous_0)
FNDA:8,(anonymous_1)
DA:2,8
DA:3,8
DA:9,8
DA:28,8
LF:4
LH:4
BRF:0
BRH:0
end_of_record
TN:
SF:src/database/models/patternthirtytwentynine.js
FN:3,(anonymous_0)
FN:5,(anonymous_1)
FNF:2
FNH:2
FNDA:8,(anonymous_0)
FNDA:8,(anonymous_1)
DA:2,8
DA:3,8
DA:6,8
DA:11,8
DA:26,8
LF:5
LH:5
BRF:0
BRH:0
end_of_record
TN:
SF:src/services/lottoEngineServices.js
FN:19,(anonymous_0)
FN:27,(anonymous_1)
FN:61,(anonymous_2)
FN:87,(anonymous_3)
FN:115,(anonymous_4)
FN:162,(anonymous_5)
FN:212,(anonymous_6)
FN:255,(anonymous_7)
FN:288,(anonymous_8)
FN:344,(anonymous_9)
FN:379,(anonymous_10)
FN:414,(anonymous_11)
FN:469,(anonymous_12)
FN:514,(anonymous_13)
FN:542,(anonymous_14)
FN:547,(anonymous_15)
FN:551,(anonymous_16)
FN:566,(anonymous_17)
FN:582,(anonymous_18)
FN:588,(anonymous_19)
FN:594,(anonymous_20)
FN:595,(anonymous_21)
FN:626,(anonymous_22)
FN:633,(anonymous_23)
FN:657,(anonymous_24)
FN:690,(anonymous_25)
FN:714,(anonymous_26)
FN:726,(anonymous_27)
FN:730,(anonymous_28)
FN:753,(anonymous_29)
FN:778,(anonymous_30)
FN:788,(anonymous_31)
FN:817,(anonymous_32)
FN:848,(anonymous_33)
FN:856,(anonymous_34)
FN:868,(anonymous_35)
FNF:36
FNH:36
FNDA:3,(anonymous_0)
FNDA:7,(anonymous_1)
FNDA:6,(anonymous_2)
FNDA:126,(anonymous_3)
FNDA:4,(anonymous_4)
FNDA:7,(anonymous_5)
FNDA:6,(anonymous_6)
FNDA:33,(anonymous_7)
FNDA:8,(anonymous_8)
FNDA:6,(anonymous_9)
FNDA:33,(anonymous_10)
FNDA:4,(anonymous_11)
FNDA:4,(anonymous_12)
FNDA:2,(anonymous_13)
FNDA:15,(anonymous_14)
FNDA:30,(anonymous_15)
FNDA:2460,(anonymous_16)
FNDA:13,(anonymous_17)
FNDA:61,(anonymous_18)
FNDA:1761,(anonymous_19)
FNDA:560,(anonymous_20)
FNDA:215,(anonymous_21)
FNDA:3,(anonymous_22)
FNDA:9,(anonymous_23)
FNDA:62,(anonymous_24)
FNDA:7,(anonymous_25)
FNDA:173,(anonymous_26)
FNDA:47,(anonymous_27)
FNDA:23,(anonymous_28)
FNDA:5,(anonymous_29)
FNDA:43,(anonymous_30)
FNDA:24,(anonymous_31)
FNDA:38,(anonymous_32)
FNDA:1,(anonymous_33)
FNDA:60,(anonymous_34)
FNDA:1,(anonymous_35)
DA:1,8
DA:3,8
DA:5,8
DA:7,8
DA:9,8
DA:10,8
DA:19,8
DA:20,3
DA:22,3
DA:25,2
DA:27,1
DA:28,7
DA:29,7
DA:30,7
DA:34,1
DA:37,1
DA:44,1
DA:61,8
DA:62,6
DA:64,6
DA:67,6
DA:68,4
DA:72,6
DA:74,4
DA:82,6
DA:85,5
DA:87,4
DA:88,126
DA:89,126
DA:90,126
DA:94,4
DA:97,1
DA:101,1
DA:115,8
DA:116,4
DA:118,4
DA:119,1
DA:122,3
DA:138,2
DA:140,1
DA:143,1
DA:150,1
DA:162,8
DA:163,7
DA:165,7
DA:166,2
DA:169,5
DA:179,5
DA:185,4
DA:187,3
DA:190,1
DA:194,1
DA:212,8
DA:213,6
DA:215,6
DA:216,1
DA:219,5
DA:220,1
DA:226,4
DA:231,4
DA:232,2
DA:239,4
DA:253,3
DA:255,2
DA:256,33
DA:257,33
DA:258,33
DA:262,2
DA:265,1
DA:272,1
DA:288,8
DA:289,8
DA:291,8
DA:292,1
DA:295,7
DA:305,7
DA:311,6
DA:313,4
DA:319,2
DA:326,1
DA:344,8
DA:345,6
DA:347,6
DA:348,1
DA:351,5
DA:352,1
DA:358,4
DA:363,4
DA:364,2
DA:371,4
DA:377,3
DA:379,2
DA:380,33
DA:381,33
DA:382,33
DA:386,2
DA:389,1
DA:397,1
DA:414,8
DA:415,4
DA:417,4
DA:418,1
DA:424,3
DA:439,2
DA:441,1
DA:444,1
DA:452,1
DA:469,8
DA:470,4
DA:472,4
DA:473,1
DA:479,3
DA:487,2
DA:489,1
DA:492,1
DA:499,1
DA:514,8
DA:516,2
DA:517,1
DA:523,1
DA:525,1
DA:528,1
DA:529,6
DA:530,6
DA:531,6
DA:535,1
DA:542,8
DA:544,15
DA:547,15
DA:549,30
DA:551,2460
DA:554,30
DA:558,15
DA:566,8
DA:567,13
DA:569,13
DA:570,2
DA:573,11
DA:576,11
DA:579,11
DA:582,11
DA:584,61
DA:587,61
DA:589,1761
DA:593,60
DA:594,560
DA:595,215
DA:598,60
DA:599,1
DA:603,60
DA:606,10
DA:607,1
DA:613,9
DA:617,1
DA:626,8
DA:627,3
DA:629,3
DA:630,1
DA:633,2
DA:634,9
DA:638,1
DA:644,1
DA:646,1
DA:649,1
DA:651,6
DA:654,6
DA:656,21
DA:658,62
DA:664,15
DA:669,6
DA:673,1
DA:677,1
DA:690,8
DA:691,7
DA:693,7
DA:694,1
DA:697,6
DA:703,6
DA:705,6
DA:707,5
DA:708,25
DA:709,25
DA:711,14
DA:715,173
DA:718,13
DA:723,4
DA:724,20
DA:726,47
DA:729,6
DA:730,23
DA:736,4
DA:740,1
DA:744,1
DA:753,8
DA:754,5
DA:756,5
DA:761,1
DA:766,4
DA:767,3
DA:769,1
DA:773,4
DA:776,4
DA:777,4
DA:778,24
DA:779,43
DA:781,24
DA:782,23
DA:787,4
DA:788,4
DA:789,24
DA:790,6
DA:791,18
DA:792,6
DA:793,12
DA:794,2
DA:795,10
DA:796,4
DA:797,6
DA:798,4
DA:799,2
DA:800,1
DA:806,4
DA:809,4
DA:814,4
DA:815,4
DA:816,24
DA:818,38
DA:820,23
DA:821,23
DA:826,3
DA:836,1
DA:848,8
DA:849,1
DA:852,1
DA:853,10
DA:855,10
DA:856,60
DA:860,1
DA:868,8
DA:869,1
DA:872,1
DA:873,3
DA:876,3
DA:878,12
DA:880,47
DA:884,31
DA:888,3
DA:892,1
DA:895,1
DA:896,10
DA:898,150
DA:902,50
DA:908,1
DA:911,1
DA:912,50
DA:914,300
DA:918,100
DA:923,1
DA:926,8
LF:259
LH:259
BRDA:25,0,0,1
BRDA:25,0,1,1
BRDA:67,1,0,4
BRDA:67,1,1,2
BRDA:72,2,0,4
BRDA:72,2,1,2
BRDA:85,3,0,4
BRDA:85,3,1,1
BRDA:118,4,0,1
BRDA:118,4,1,3
BRDA:138,5,0,1
BRDA:138,5,1,1
BRDA:165,6,0,2
BRDA:165,6,1,5
BRDA:165,7,0,7
BRDA:165,7,1,6
BRDA:185,8,0,3
BRDA:185,8,1,1
BRDA:215,9,0,1
BRDA:215,9,1,5
BRDA:219,10,0,1
BRDA:219,10,1,4
BRDA:231,11,0,2
BRDA:231,11,1,2
BRDA:253,12,0,2
BRDA:253,12,1,1
BRDA:291,13,0,1
BRDA:291,13,1,7
BRDA:291,14,0,8
BRDA:291,14,1,7
BRDA:311,15,0,4
BRDA:311,15,1,2
BRDA:347,16,0,1
BRDA:347,16,1,5
BRDA:351,17,0,1
BRDA:351,17,1,4
BRDA:363,18,0,2
BRDA:363,18,1,2
BRDA:377,19,0,2
BRDA:377,19,1,1
BRDA:417,20,0,1
BRDA:417,20,1,3
BRDA:439,21,0,1
BRDA:439,21,1,1
BRDA:472,22,0,1
BRDA:472,22,1,3
BRDA:487,23,0,1
BRDA:487,23,1,1
BRDA:516,24,0,1
BRDA:516,24,1,1
BRDA:569,25,0,2
BRDA:569,25,1,11
BRDA:569,26,0,13
BRDA:569,26,1,12
BRDA:589,27,0,1761
BRDA:589,27,1,1413
BRDA:594,28,0,47
BRDA:594,28,1,103
BRDA:598,29,0,1
BRDA:598,29,1,59
BRDA:606,30,0,1
BRDA:606,30,1,9
BRDA:629,31,0,1
BRDA:629,31,1,2
BRDA:629,32,0,3
BRDA:629,32,1,3
BRDA:644,33,0,1
BRDA:644,33,1,0
BRDA:656,34,0,15
BRDA:656,34,1,6
BRDA:693,35,0,1
BRDA:693,35,1,6
BRDA:693,36,0,7
BRDA:693,36,1,7
BRDA:703,37,0,6
BRDA:703,37,1,0
BRDA:705,38,0,5
BRDA:705,38,1,1
BRDA:709,39,0,14
BRDA:709,39,1,11
BRDA:715,40,0,173
BRDA:715,40,1,154
BRDA:724,41,0,6
BRDA:724,41,1,14
BRDA:756,42,0,1
BRDA:756,42,1,4
BRDA:757,43,0,5
BRDA:757,43,1,4
BRDA:757,43,2,1
BRDA:757,43,3,4
BRDA:757,43,4,3
BRDA:766,44,0,3
BRDA:766,44,1,1
BRDA:781,45,0,23
BRDA:781,45,1,1
BRDA:789,46,0,6
BRDA:789,46,1,18
BRDA:789,47,0,24
BRDA:789,47,1,24
BRDA:791,48,0,6
BRDA:791,48,1,12
BRDA:791,49,0,18
BRDA:791,49,1,18
BRDA:793,50,0,2
BRDA:793,50,1,10
BRDA:793,51,0,12
BRDA:793,51,1,12
BRDA:795,52,0,4
BRDA:795,52,1,6
BRDA:795,53,0,10
BRDA:795,53,1,10
BRDA:797,54,0,4
BRDA:797,54,1,2
BRDA:797,55,0,6
BRDA:797,55,1,6
BRDA:799,56,0,1
BRDA:799,56,1,1
BRDA:799,57,0,2
BRDA:799,57,1,2
BRDA:820,58,0,23
BRDA:820,58,1,0
BRDA:880,59,0,31
BRDA:880,59,1,16
BRDA:881,60,0,47
BRDA:881,60,1,31
BRDA:898,61,0,50
BRDA:898,61,1,100
BRDA:914,62,0,100
BRDA:914,62,1,200
BRF:129
BRH:126
end_of_record
